Build started 01/07/2014 3:20:02 PM.
     1>Project "C:\Users\Param\Documents\Visual Studio 2010\Projects\CV ONE\CV ONE\CV ONE.vcxproj" on node 2 (build target(s)).
     1>InitializeBuildStatus:
         Creating "Debug\CV ONE.unsuccessfulbuild" because "AlwaysCreate" was specified.
       ClCompile:
         C:\Program Files (x86)\Microsoft Visual Studio 10.0\VC\bin\CL.exe /c /ZI /nologo /W3 /WX- /Od /Oy- /D WIN32 /D _DEBUG /D _CONSOLE /D _UNICODE /D UNICODE /Gm /EHsc /RTC1 /MDd /GS /fp:precise /Zc:wchar_t /Zc:forScope /Fo"Debug\\" /Fd"Debug\vc100.pdb" /Gd /TP /analyze- /errorReport:prompt TEST.cpp
         TEST.cpp
     1>d:\opencv\build\include\opencv2\flann\logger.h(66): warning C4996: 'fopen': This function or variable may be unsafe. Consider using fopen_s instead. To disable deprecation, use _CRT_SECURE_NO_WARNINGS. See online help for details.
                 c:\program files (x86)\microsoft visual studio 10.0\vc\include\stdio.h(234) : see declaration of 'fopen'
     1>c:\users\param\documents\visual studio 2010\projects\cv one\cv one\test.cpp(105): warning C4018: '<' : signed/unsigned mismatch
     1>c:\users\param\documents\visual studio 2010\projects\cv one\cv one\test.cpp(42): warning C4101: 'test' : unreferenced local variable
     1>c:\users\param\documents\visual studio 2010\projects\cv one\cv one\test.cpp(200): warning C4018: '<' : signed/unsigned mismatch
     1>c:\users\param\documents\visual studio 2010\projects\cv one\cv one\test.cpp(167): warning C4101: 'd' : unreferenced local variable
     1>c:\users\param\documents\visual studio 2010\projects\cv one\cv one\test.cpp(322): warning C4018: '<' : signed/unsigned mismatch
       Link:
         C:\Program Files (x86)\Microsoft Visual Studio 10.0\VC\bin\link.exe /ERRORREPORT:PROMPT /OUT:"C:\Users\Param\Documents\Visual Studio 2010\Projects\CV ONE\Debug\CV ONE.exe" /INCREMENTAL:NO /NOLOGO /LIBPATH:D:\opencv\build\x86\vc10\lib opencv_core242d.lib opencv_imgproc242d.lib opencv_highgui242d.lib opencv_ml242d.lib opencv_video242d.lib opencv_features2d242d.lib opencv_calib3d242d.lib opencv_objdetect242d.lib opencv_contrib242d.lib opencv_legacy242d.lib opencv_flann242d.lib kernel32.lib user32.lib gdi32.lib winspool.lib comdlg32.lib advapi32.lib shell32.lib ole32.lib oleaut32.lib uuid.lib odbc32.lib odbccp32.lib /MANIFEST /ManifestFile:"Debug\CV ONE.exe.intermediate.manifest" /MANIFESTUAC:"level='asInvoker' uiAccess='false'" /DEBUG /PDB:"C:\Users\Param\Documents\Visual Studio 2010\Projects\CV ONE\Debug\CV ONE.pdb" /SUBSYSTEM:CONSOLE /TLBID:1 /DYNAMICBASE /NXCOMPAT /IMPLIB:"C:\Users\Param\Documents\Visual Studio 2010\Projects\CV ONE\Debug\CV ONE.lib" /MACHINE:X86 Debug\TEST.obj
     1>TEST.obj : warning LNK4075: ignoring '/EDITANDCONTINUE' due to '/INCREMENTAL:NO' specification
         CV ONE.vcxproj -> C:\Users\Param\Documents\Visual Studio 2010\Projects\CV ONE\Debug\CV ONE.exe
       Manifest:
         C:\Program Files (x86)\Microsoft SDKs\Windows\v7.0A\bin\mt.exe /nologo /verbose /outputresource:"C:\Users\Param\Documents\Visual Studio 2010\Projects\CV ONE\Debug\CV ONE.exe;#1" /manifest "Debug\CV ONE.exe.intermediate.manifest"
       FinalizeBuildStatus:
         Deleting file "Debug\CV ONE.unsuccessfulbuild".
         Touching "Debug\CV ONE.lastbuildstate".
     1>Done Building Project "C:\Users\Param\Documents\Visual Studio 2010\Projects\CV ONE\CV ONE\CV ONE.vcxproj" (build target(s)).

Build succeeded.

Time Elapsed 00:00:01.99
